<?xml version="1.0" encoding="UTF-8"?>
<testsuite xmlns:xsi="http://www.w3.org/2001/XMLSchema-instance" xsi:noNamespaceSchemaLocation="https://maven.apache.org/surefire/maven-surefire-plugin/xsd/surefire-test-report-3.0.xsd" version="3.0" name="test.UfficioPostaleTest" time="0.081" tests="9" errors="0" skipped="0" failures="1">
  <properties>
    <property name="java.specification.version" value="17"/>
    <property name="sun.jnu.encoding" value="UTF-8"/>
    <property name="java.class.path" value="/home/crota/javalezioni/Java-project-/UfficioPostale/target/test-classes:/home/crota/javalezioni/Java-project-/UfficioPostale/target/classes:/root/.m2/repository/org/junit/jupiter/junit-jupiter-api/5.6.0/junit-jupiter-api-5.6.0.jar:/root/.m2/repository/org/apiguardian/apiguardian-api/1.1.0/apiguardian-api-1.1.0.jar:/root/.m2/repository/org/opentest4j/opentest4j/1.2.0/opentest4j-1.2.0.jar:/root/.m2/repository/org/junit/platform/junit-platform-commons/1.6.0/junit-platform-commons-1.6.0.jar:/root/.m2/repository/org/junit/jupiter/junit-jupiter-params/5.6.0/junit-jupiter-params-5.6.0.jar:/root/.m2/repository/org/junit/jupiter/junit-jupiter-engine/5.6.0/junit-jupiter-engine-5.6.0.jar:/root/.m2/repository/org/junit/platform/junit-platform-engine/1.6.0/junit-platform-engine-1.6.0.jar:"/>
    <property name="java.vm.vendor" value="Debian"/>
    <property name="sun.arch.data.model" value="64"/>
    <property name="java.vendor.url" value="https://tracker.debian.org/openjdk-17"/>
    <property name="os.name" value="Linux"/>
    <property name="java.vm.specification.version" value="17"/>
    <property name="sun.java.launcher" value="SUN_STANDARD"/>
    <property name="user.country" value="IT"/>
    <property name="sun.boot.library.path" value="/usr/lib/jvm/java-17-openjdk-amd64/lib"/>
    <property name="sun.java.command" value="/home/crota/javalezioni/Java-project-/UfficioPostale/target/surefire/surefirebooter15004220503405373239.jar /home/crota/javalezioni/Java-project-/UfficioPostale/target/surefire 2024-02-02T17-00-07_836-jvmRun1 surefire10431617487104523757tmp surefire_010009631828524687427tmp"/>
    <property name="jdk.debug" value="release"/>
    <property name="surefire.test.class.path" value="/home/crota/javalezioni/Java-project-/UfficioPostale/target/test-classes:/home/crota/javalezioni/Java-project-/UfficioPostale/target/classes:/root/.m2/repository/org/junit/jupiter/junit-jupiter-api/5.6.0/junit-jupiter-api-5.6.0.jar:/root/.m2/repository/org/apiguardian/apiguardian-api/1.1.0/apiguardian-api-1.1.0.jar:/root/.m2/repository/org/opentest4j/opentest4j/1.2.0/opentest4j-1.2.0.jar:/root/.m2/repository/org/junit/platform/junit-platform-commons/1.6.0/junit-platform-commons-1.6.0.jar:/root/.m2/repository/org/junit/jupiter/junit-jupiter-params/5.6.0/junit-jupiter-params-5.6.0.jar:/root/.m2/repository/org/junit/jupiter/junit-jupiter-engine/5.6.0/junit-jupiter-engine-5.6.0.jar:/root/.m2/repository/org/junit/platform/junit-platform-engine/1.6.0/junit-platform-engine-1.6.0.jar:"/>
    <property name="sun.cpu.endian" value="little"/>
    <property name="user.home" value="/root"/>
    <property name="user.language" value="it"/>
    <property name="java.specification.vendor" value="Oracle Corporation"/>
    <property name="java.version.date" value="2024-01-16"/>
    <property name="java.home" value="/usr/lib/jvm/java-17-openjdk-amd64"/>
    <property name="file.separator" value="/"/>
    <property name="basedir" value="/home/crota/javalezioni/Java-project-/UfficioPostale"/>
    <property name="java.vm.compressedOopsMode" value="32-bit"/>
    <property name="line.separator" value="&#10;"/>
    <property name="java.vm.specification.vendor" value="Oracle Corporation"/>
    <property name="java.specification.name" value="Java Platform API Specification"/>
    <property name="surefire.real.class.path" value="/home/crota/javalezioni/Java-project-/UfficioPostale/target/surefire/surefirebooter15004220503405373239.jar"/>
    <property name="sun.management.compiler" value="HotSpot 64-Bit Tiered Compilers"/>
    <property name="java.runtime.version" value="17.0.10+7-Debian-1deb12u1"/>
    <property name="user.name" value="root"/>
    <property name="path.separator" value=":"/>
    <property name="os.version" value="6.5.0-13parrot1-amd64"/>
    <property name="java.runtime.name" value="OpenJDK Runtime Environment"/>
    <property name="file.encoding" value="UTF-8"/>
    <property name="java.vm.name" value="OpenJDK 64-Bit Server VM"/>
    <property name="localRepository" value="/root/.m2/repository"/>
    <property name="java.vendor.url.bug" value="https://bugs.debian.org/openjdk-17"/>
    <property name="java.io.tmpdir" value="/tmp"/>
    <property name="java.version" value="17.0.10"/>
    <property name="user.dir" value="/home/crota/javalezioni/Java-project-/UfficioPostale"/>
    <property name="os.arch" value="amd64"/>
    <property name="java.vm.specification.name" value="Java Virtual Machine Specification"/>
    <property name="native.encoding" value="UTF-8"/>
    <property name="java.library.path" value="/usr/java/packages/lib:/usr/lib/x86_64-linux-gnu/jni:/lib/x86_64-linux-gnu:/usr/lib/x86_64-linux-gnu:/usr/lib/jni:/lib:/usr/lib"/>
    <property name="java.vm.info" value="mixed mode, sharing"/>
    <property name="java.vendor" value="Debian"/>
    <property name="java.vm.version" value="17.0.10+7-Debian-1deb12u1"/>
    <property name="sun.io.unicode.encoding" value="UnicodeLittle"/>
    <property name="java.class.version" value="61.0"/>
  </properties>
  <testcase name="test38" classname="test.UfficioPostaleTest" time="0.023">
    <failure type="org.opentest4j.AssertionFailedError"><![CDATA[org.opentest4j.AssertionFailedError: expected: <Luca5> but was: <INVALID>
	at test.UfficioPostaleTest.test38(UfficioPostaleTest.java:88)
]]></failure>
    <system-out><![CDATA[null FAILED
]]></system-out>
  </testcase>
  <testcase name="test39(TestInfo)" classname="test.UfficioPostaleTest" time="0.009">
    <system-out><![CDATA[Test numeri di telefono FAILED
]]></system-out>
  </testcase>
  <testcase name="test40a" classname="test.UfficioPostaleTest" time="0.001">
    <system-out><![CDATA[null FAILED
]]></system-out>
  </testcase>
  <testcase name="test40b" classname="test.UfficioPostaleTest" time="0.002">
    <system-out><![CDATA[null FAILED
]]></system-out>
  </testcase>
  <testcase name="test40c" classname="test.UfficioPostaleTest" time="0.001">
    <system-out><![CDATA[null FAILED
]]></system-out>
  </testcase>
  <testcase name="test41" classname="test.UfficioPostaleTest" time="0.001">
    <system-out><![CDATA[null FAILED
]]></system-out>
  </testcase>
  <testcase name="test42" classname="test.UfficioPostaleTest" time="0.003">
    <system-out><![CDATA[null FAILED
]]></system-out>
  </testcase>
  <testcase name="test43(TestInfo)" classname="test.UfficioPostaleTest" time="0.003">
    <system-out><![CDATA[[isNumberExisting] Create person x3 SUCCESS
]]></system-out>
  </testcase>
  <testcase name="test44" classname="test.UfficioPostaleTest" time="0.001">
    <system-out><![CDATA[null FAILED
]]></system-out>
  </testcase>
</testsuite>